<?xml version="1.0" encoding="UTF-8"?>
<!-- Generated by org.testng.reporters.JUnitXMLReporter -->
<testsuite ignored="3" hostname="DESKTOP-09BGEOB" failures="0" tests="1" name="Default test(failed)" time="10.559" errors="0" timestamp="2022-06-18T18:30:22 IST">
  <testcase classname="TestCases.LoginPageTest" name="verifyTitleTest" time="0.036"/>
  <testcase classname="TestCases.LoginPageTest" name="verifyZarodhaLogoTest" time="0.0">
    <ignored/>
  </testcase> <!-- verifyZarodhaLogoTest -->
  <testcase classname="TestCases.LoginPageTest" name="loginToApplicationTest" time="0.0">
    <ignored/>
  </testcase> <!-- loginToApplicationTest -->
  <testcase classname="TestCases.LoginPageTest" name="verifykiteLogoTest" time="0.0">
    <ignored/>
  </testcase> <!-- verifykiteLogoTest -->
</testsuite> <!-- Default test(failed) -->
