<?xml version="1.0" encoding="UTF-8"?>
<!-- Generated by org.testng.reporters.JUnitXMLReporter -->
<testsuite ignored="3" hostname="DESKTOP-09BGEOB" failures="0" tests="0" time="0.023" errors="0" timestamp="2022-06-19T23:00:21 IST">
  <testcase classname="TestCases.AssertAll" name="method2" time="0.0">
    <ignored/>
  </testcase> <!-- method2 -->
  <testcase classname="TestCases.AssertAll" name="method" time="0.0">
    <ignored/>
  </testcase> <!-- method -->
  <testcase classname="TestCases.AssertAll" name="method1" time="0.0">
    <ignored/>
  </testcase> <!-- method1 -->
</testsuite>
