<?xml version="1.0" encoding="UTF-8"?>
<!-- Generated by org.testng.reporters.JUnitXMLReporter -->
<testsuite ignored="0" hostname="DESKTOP-09BGEOB" failures="0" tests="3" name="Test" time="11.494" errors="0" timestamp="2022-06-18T13:15:01 IST">
  <testcase classname="TestCases.parallerExecution" name="google" time="11.316"/>
  <testcase classname="TestCases.parallerExecution" name="amazon" time="11.347"/>
  <testcase classname="TestCases.parallerExecution" name="fb" time="11.426"/>
</testsuite> <!-- Test -->
