<?xml version="1.0" encoding="UTF-8"?>
<!-- Generated by org.testng.reporters.JUnitXMLReporter -->
<testsuite ignored="2" hostname="DESKTOP-09BGEOB" failures="2" tests="2" name="Test1" time="0.084" errors="0" timestamp="2022-06-11T09:03:42 IST">
  <testcase classname="TestCases.LoginPageTest" name="verifyTitleTest" time="0.012">
    <failure type="java.lang.NullPointerException">
      <![CDATA[java.lang.NullPointerException
at TestCases.LoginPageTest.verifyTitleTest(LoginPageTest.java:27)
at java.base/java.util.ArrayList.forEach(ArrayList.java:1541)
... Removed 27 stack frames]]>
    </failure>
  </testcase> <!-- verifyTitleTest -->
  <testcase classname="TestCases.LoginPageTest" name="verifykiteLogoTest" time="0.002">
    <failure type="java.lang.NullPointerException">
      <![CDATA[java.lang.NullPointerException
at TestCases.LoginPageTest.verifykiteLogoTest(LoginPageTest.java:34)
at java.base/java.util.ArrayList.forEach(ArrayList.java:1541)
... Removed 27 stack frames]]>
    </failure>
  </testcase> <!-- verifykiteLogoTest -->
  <testcase classname="TestCases.LoginPageTest" name="verifyZarodhaLogoTest" time="0.0">
    <ignored/>
  </testcase> <!-- verifyZarodhaLogoTest -->
  <testcase classname="TestCases.LoginPageTest" name="loginToApplicationTest" time="0.0">
    <ignored/>
  </testcase> <!-- loginToApplicationTest -->
</testsuite> <!-- Test1 -->
